Mon Apr 27 23:29:04 CST 2026
检查优化相关环境变量：---->
OPTIMIZE_KEYS=012345qryz
<--------------------------
GIT version: v1.0.0-34-gb142969
On branch moling
Your branch is up to date with 'origin/moling'.

Changes to be committed:
  (use "git restore --staged <file>..." to unstage)
	modified:   config.toml
	modified:   input-fixed.txt
	modified:   roots.txt

Changes not staged for commit:
  (use "git add <file>..." to update what will be committed)
  (use "git restore <file>..." to discard changes in working directory)
	modified:   config.toml


+ ./prepare-inputs.sh
(1) 从 yuhao_charsets.lua 生成简繁常用字符集 chars.txt ...
(2) 从北语字频 简体字频表-2.5b.txt 生成简繁常用字符集的字频表 freq.txt ...
    WARN: 1178 个字符没有权重!
(3) 从宇浩星陈方案的大陆字形拆分表 yustar_chaifen.dict.yaml 生成简繁常用字符集的拆分表 chaifen.txt ...
(4) 从 chaifen.txt 生成字根频率表 roots-freq.txt ...
(5) 从万象拼音词典 chars.dict.yaml 生成字根读音 roots-pinyin.txt ...
(6) 从 roots-pinyin.txt 修正并生成字根声码韵码表 roots.txt ...
(7) 分析首根冲突情况，为选择飞键字根提供参考，写入 roots-fly-candidates.txt ...
(8) 生成码灵输入文件 input-fixed.txt, 大码约束 ...
(9) 添加码灵输入文件 input-fixed.txt, 声码和韵码约束 ...
(10) 添加码灵输入文件 input-fixed.txt, 飞键约束 ...
(11) 生成空的 input-roots.txt, 所有字根已定义于 input-fixed.txt ...
(12) 生成码灵输入文件 input-division.txt ...
+ caffeinate -imsu ../target/release/code_genie optimize
✅ 已加载配置文件: config.toml
=== CodeGenie 码灵算法优化器 v10 ===
线程数: 8, 总步数: 480000000
初始温度: 100, 结束温度: 0.00000001
全局允许键位: qwertyuiopasdfghjklxcvbnm
全码权重: 重码数=0.20, 重码率=0.35, 当量=0.40, CV=0.01, 分布=0.04
简码优化: 关闭 (全码占比=60%, 简码占比=40%)
用指分布输出顺序: qwertyuiopasdfghjklzxcvbnm
输出目录: output-20260427-232905

数据加载完毕:
  - 固定字根(单键): 144
  - 受限字根组(多键): 240 组
  - 动态字根组: 240 组 (共 762 字根)
  - 汉字数量: 11177
  - 总字频: 1898197952
  - 最大码长: 4

🔍 正在校验字根定义...
✅ 校验通过

📐 正在进行初始尺度校准...
  初始状态观测:
    重码数: 694,  重码率: 0.002753
    当量: 0.2855,  CV: 0.9001
  校准尺度 (Scale):
    CollisionCount: 0.001441
    CollisionRate:  363.278897
    Equivalence:    3.502695

  - 编码基数: 32
  - 编码空间: 1048576

🚀 开始优化...
   [Init T0] 候选 1/50 策略=均衡贪心 → 预热后得分: 0.8023 ✓
   [Init T0] 候选 2/50 策略=频率贪心 → 预热后得分: 0.6961 ✓
   [Init T0] 候选 16/50 策略=均衡贪心 → 预热后得分: 0.6817 ✓
   [Init T0] 坐标下降: 0.6817 → 0.5730
   [T0] 初始化完成 | 得分: 0.5730 | 重码: 853 重码率: 0.0513% 当量: 0.1719
   🌡️ 降温曲线预览:
   舒适温度: 0.400000 (进度 24.0% 处)
   舒适区宽度: 0.15, 减速深度: 70%
   ┌──────────────────────────────────────────────────────
   │  0% T=1.00e2 │██████████████████████████████████████████████████
   │  5% T=3.18e1 │███████████████████████████████████████████████
   │ 10% T=1.24e1 │█████████████████████████████████████████████
   │ 15% T=5.93e0 │███████████████████████████████████████████
   │ 20% T=3.39e0 │██████████████████████████████████████████
   │ 25% T=2.12e0 │█████████████████████████████████████████ ◄ 舒适区
   │ 30% T=1.29e0 │████████████████████████████████████████
   │ 35% T=6.95e-1 │███████████████████████████████████████
   │ 40% T=3.06e-1 │█████████████████████████████████████
   │ 45% T=1.09e-1 │███████████████████████████████████
   │ 50% T=3.24e-2 │████████████████████████████████
   │ 55% T=8.36e-3 │█████████████████████████████
   │ 60% T=1.98e-3 │██████████████████████████
   │ 65% T=4.44e-4 │███████████████████████
   │ 70% T=9.76e-5 │███████████████████
   │ 75% T=2.12e-5 │████████████████
   │ 80% T=4.59e-6 │█████████████
   │ 85% T=9.92e-7 │█████████
   │ 90% T=2.14e-7 │██████
   │ 95% T=4.63e-8 │███
   │100% T=1.00e-8 │
   └──────────────────────────────────────────────────────
   [T0] 进度: 5% | 89.7 万步/分钟 | 基温: 31.797066 | 重码=2577 当量=0.2466 | 当前: 3.5618 🏆最优: 0.5730
   [T0] 步数 48000000 | 86.4 万步/分钟: Reheat ×1.0 (基温 12.356160)
   [T0] 进度: 10% | 86.4 万步/分钟 | 基温: 12.356160 | 重码=2502 当量=0.2766 | 当前: 4.1978 🏆最优: 0.5730
   [T0] 进度: 15% | 86.7 万步/分钟 | 基温: 5.933302 | 重码=2480 当量=0.3386 | 当前: 4.9149 🏆最优: 0.5730
   [T0] 进度: 20% | 87.3 万步/分钟 | 基温: 3.392728 | 重码=2566 当量=0.2364 | 当前: 4.7203 🏆最优: 0.5730
   [T0] 步数 96000001 | 87.3 万步/分钟: Reheat ×1.0 (基温 3.392728)
   [T0] 进度: 25% | 88.7 万步/分钟 | 基温: 2.120855 | 重码=2364 当量=0.3286 | 当前: 5.1186 🏆最优: 0.5730
   [T0] 进度: 30% | 89.0 万步/分钟 | 基温: 1.294832 | 重码=2256 当量=0.2913 | 当前: 4.2881 🏆最优: 0.5730
   [T0] 步数 144000002 | 89.0 万步/分钟: Reheat ×1.0 (基温 1.294832)
   [T0] 进度: 35% | 89.5 万步/分钟 | 基温: 0.694849 | 重码=2251 当量=0.2991 | 当前: 4.2145 🏆最优: 0.5730
   [T0] 进度: 40% | 89.4 万步/分钟 | 基温: 0.306489 | 重码=2404 当量=0.2724 | 当前: 4.0698 🏆最优: 0.5730
   [T0] 步数 192000003 | 89.4 万步/分钟: Reheat ×1.0 (基温 0.306489)
   [T0] 进度: 45% | 88.7 万步/分钟 | 基温: 0.109338 | 重码=2029 当量=0.2468 | 当前: 2.7527 🏆最优: 0.5730
   [T0] 进度: 50% | 87.0 万步/分钟 | 基温: 0.032389 | 重码=1745 当量=0.2973 | 当前: 1.7660 🏆最优: 0.5730
   [T0] 步数 240000004 | 87.0 万步/分钟: Reheat ×1.0 (基温 0.032389)
   [T0] 进度: 55% | 84.6 万步/分钟 | 基温: 0.008360 | 重码=1527 当量=0.2494 | 当前: 1.1490 🏆最优: 0.5730
   [T0] 进度: 60% | 81.7 万步/分钟 | 基温: 0.001976 | 重码=1205 当量=0.2024 | 当前: 0.7567 🏆最优: 0.5730
   [T0] 步数 288000005 | 81.7 万步/分钟: Reheat ×1.0 (基温 0.001976)
   [T0] 进度: 65% | 79.1 万步/分钟 | 基温: 0.000444 | 重码=826 当量=0.1488 | 当前: 0.5096 🏆最优: 0.4888
   [T0] 进度: 70% | 75.9 万步/分钟 | 基温: 0.000098 | 重码=715 当量=0.1380 | 当前: 0.4572 🏆最优: 0.4554
   [T0] 进度: 75% | 74.1 万步/分钟 | 基温: 0.000021 | 重码=707 当量=0.1387 | 当前: 0.4550 🏆最优: 0.4550
   [T0] 进度: 80% | 71.6 万步/分钟 | 基温: 0.000005 | 重码=708 当量=0.1385 | 当前: 0.4550 🏆最优: 0.4550
   [T0] 进度: 85% | 70.5 万步/分钟 | 基温: 0.000001 | 重码=708 当量=0.1385 | 当前: 0.4550 🏆最优: 0.4550
   [T0] 进度: 90% | 69.6 万步/分钟 | 基温: 0.000000 | 重码=708 当量=0.1385 | 当前: 0.4550 🏆最优: 0.4550
   [T0] 进度: 95% | 68.0 万步/分钟 | 基温: 0.000000 | 重码=708 当量=0.1385 | 当前: 0.4550 🏆最优: 0.4550
   [T0] SA 完成，执行最终精炼...
   [T0] 最终得分: 0.4550 重码: 708

=================================
🏆 最优结果 (线程 7):
   综合得分: 0.4521
   「全码」重码数: 709
   「全码」重码率: 0.022426%
   「全码」加权键均当量: 0.1409
   「全码」当量变异系数(CV): 1.2480
   「全码」用指分布偏差(L2): 4.4974
⏱️ 总耗时: 43127.173258266s
=================================

📁 保存所有线程结果...
结果已保存至 output-20260427-232905/output-keymap.txt, output-encode.txt, output-simple-codes.txt, output-combined.txt 等

所有结果已保存至 output-20260427-232905/
  - summary.txt              汇总排名
  - output-*.txt             全局最优结果
  - output-simple-codes.txt  简码分配
  - thread-XX/               各线程结果

real	718m48.604s
user	5651m43.903s
sys	31m17.956s
+ set +x
Tue Apr 28 11:27:54 CST 2026
