Wed May  6 00:06:33 CST 2026
检查优化相关环境变量：---->
<--------------------------
GIT version: moling-v3.0-10-gf69c769
On branch moling
Your branch is up to date with 'origin/moling'.

Changes to be committed:
  (use "git restore --staged <file>..." to unstage)
	modified:   config.toml
	modified:   input-fixed.txt

+ ./prepare-inputs.sh
(1) 从 yuhao_charsets.lua 生成简繁常用字符集 chars.txt ...
(2) 从北语字频 简体字频表-2.5b.txt 生成简繁常用字符集的字频表 freq.txt ...
    WARN: 1178 个字符没有权重!
(3) 从宇浩星陈方案的大陆字形拆分表 yustar_chaifen.dict.yaml 生成简繁常用字符集的拆分表 chaifen.txt 和 chaifen-all.txt ...
(4) 从 chaifen-all.txt 生成字根频率表 roots-freq.txt ...
(5) 从万象拼音词典 chars.dict.yaml 生成字根读音 roots-pinyin.txt ...
(6) 从 roots-pinyin.txt 修正并生成字根声码韵码表 roots.txt ...
(7) 分析首根冲突情况，为选择飞键字根提供参考，写入 roots-fly-candidates.txt ...
(8) 生成码灵输入文件 input-fixed.txt, 大码约束 ...
(9) 添加码灵输入文件 input-fixed.txt, 声码和韵码约束 ...
(10) 添加码灵输入文件 input-fixed.txt, 飞键约束 ...
(11) 生成空的 input-roots.txt, 所有字根已定义于 input-fixed.txt ...
(12) 生成码灵输入文件 input-division.txt ...
+ caffeinate -imsu ../target/release/code_genie optimize
✅ 已加载配置文件: config.toml
=== CodeGenie 码灵算法优化器 v10 ===
线程数: 8, 总步数: 300000000
初始温度: 100, 结束温度: 0.00000001
全局允许键位: qwertyuiopasdfghjklxcvbnm
全码权重: 重码数=0.12, 重码率=0.48, 当量=0.35, CV=0.01, 分布=0.04
简码优化: 关闭 (全码占比=60%, 简码占比=40%)
用指分布输出顺序: qwertyuiopasdfghjklzxcvbnm
输出目录: output-20260506-000635

数据加载完毕:
  - 固定字根(单键): 570
  - 受限字根组(多键): 202 组
  - 动态字根组: 202 组 (共 367 字根)
  - 汉字数量: 11177
  - 总字频: 1898197952
  - 最大码长: 4

🔍 正在校验字根定义...
✅ 校验通过

📐 正在进行初始尺度校准...
  初始状态观测:
    重码数: 689,  重码率: 0.002016
    当量: 0.3051,  CV: 0.8072
  校准尺度 (Scale):
    CollisionCount: 0.001451
    CollisionRate:  496.129133
    Equivalence:    3.278133

  - 编码基数: 32
  - 编码空间: 1048576

🚀 开始优化...
   [Init T0] 候选 1/50 策略=均衡贪心 → 预热后得分: 0.6858 ✓
   [Init T0] 候选 2/50 策略=频率贪心 → 预热后得分: 0.6555 ✓
   [Init T0] 候选 3/50 策略=频率贪心 → 预热后得分: 0.6161 ✓
   [Init T0] 候选 4/50 策略=分散贪心 → 预热后得分: 0.6112 ✓
   [Init T0] 候选 6/50 策略=均衡贪心 → 预热后得分: 0.6063 ✓
   [Init T0] 候选 18/50 策略=频率贪心 → 预热后得分: 0.5958 ✓
   [Init T0] 候选 38/50 策略=频率贪心 → 预热后得分: 0.5894 ✓
   [Init T0] 坐标下降: 0.5894 → 0.4939
   [T0] 初始化完成 | 得分: 0.4939 | 重码: 879 重码率: 0.0373% 当量: 0.1877
   🌡️ 降温曲线预览:
   舒适温度: 0.400000 (进度 24.0% 处)
   舒适区宽度: 0.15, 减速深度: 70%
   ┌──────────────────────────────────────────────────────
   │  0% T=1.00e2 │██████████████████████████████████████████████████
   │  5% T=3.18e1 │███████████████████████████████████████████████
   │ 10% T=1.24e1 │█████████████████████████████████████████████
   │ 15% T=5.93e0 │███████████████████████████████████████████
   │ 20% T=3.39e0 │██████████████████████████████████████████
   │ 25% T=2.12e0 │█████████████████████████████████████████ ◄ 舒适区
   │ 30% T=1.29e0 │████████████████████████████████████████
   │ 35% T=6.95e-1 │███████████████████████████████████████
   │ 40% T=3.06e-1 │█████████████████████████████████████
   │ 45% T=1.09e-1 │███████████████████████████████████
   │ 50% T=3.24e-2 │████████████████████████████████
   │ 55% T=8.36e-3 │█████████████████████████████
   │ 60% T=1.98e-3 │██████████████████████████
   │ 65% T=4.44e-4 │███████████████████████
   │ 70% T=9.76e-5 │███████████████████
   │ 75% T=2.12e-5 │████████████████
   │ 80% T=4.59e-6 │█████████████
   │ 85% T=9.92e-7 │█████████
   │ 90% T=2.14e-7 │██████
   │ 95% T=4.63e-8 │███
   │100% T=1.00e-8 │
   └──────────────────────────────────────────────────────
   [T0] 进度: 5% | 85.7 万步/分钟 | 基温: 31.797066 | 重码=2366 重码率=1.9662% 当量=0.2753 | 当前: 5.4675 🏆最优: 0.4939
   [T0] 步数 30000000 | 85.9 万步/分钟: Reheat ×1.0 (基温 12.356160)
   [T0] 进度: 10% | 85.9 万步/分钟 | 基温: 12.356160 | 重码=2617 重码率=2.0635% 当量=0.2973 | 当前: 5.7662 🏆最优: 0.4939
   [T0] 进度: 15% | 85.7 万步/分钟 | 基温: 5.933302 | 重码=2235 重码率=1.7365% 当量=0.2619 | 当前: 4.8911 🏆最优: 0.4939
   [T0] 进度: 20% | 84.1 万步/分钟 | 基温: 3.392728 | 重码=2095 重码率=2.2928% 当量=0.3011 | 当前: 6.2090 🏆最优: 0.4939
   [T0] 步数 60000001 | 84.1 万步/分钟: Reheat ×1.0 (基温 3.392728)
   [T0] 进度: 25% | 84.1 万步/分钟 | 基温: 2.120855 | 重码=2366 重码率=1.7944% 当量=0.2722 | 当前: 5.0468 🏆最优: 0.4939
   [T0] 进度: 30% | 83.9 万步/分钟 | 基温: 1.294832 | 重码=2055 重码率=1.6497% 当量=0.2667 | 当前: 4.6440 🏆最优: 0.4939
   [T0] 步数 90000002 | 83.9 万步/分钟: Reheat ×1.0 (基温 1.294832)
   [T0] 进度: 35% | 83.2 万步/分钟 | 基温: 0.694849 | 重码=1986 重码率=1.2015% 当量=0.2882 | 当前: 3.5887 🏆最优: 0.4939
   [T0] 进度: 40% | 82.7 万步/分钟 | 基温: 0.306489 | 重码=1875 重码率=1.1276% 当量=0.3151 | 当前: 3.4380 🏆最优: 0.4939
   [T0] 步数 120000003 | 82.7 万步/分钟: Reheat ×1.0 (基温 0.306489)
   [T0] 进度: 45% | 81.7 万步/分钟 | 基温: 0.109338 | 重码=1984 重码率=0.9336% 当量=0.2880 | 当前: 2.9462 🏆最优: 0.4939
   [T0] 进度: 50% | 79.4 万步/分钟 | 基温: 0.032389 | 重码=1561 重码率=0.3232% 当量=0.2791 | 当前: 1.4110 🏆最优: 0.4939
   [T0] 步数 150000004 | 79.4 万步/分钟: Reheat ×1.0 (基温 0.032389)
   [T0] 进度: 55% | 76.7 万步/分钟 | 基温: 0.008360 | 重码=1373 重码率=0.1493% 当量=0.2693 | 当前: 0.9510 🏆最优: 0.4939
   [T0] 进度: 60% | 73.7 万步/分钟 | 基温: 0.001976 | 重码=1201 重码率=0.0515% 当量=0.1870 | 当前: 0.5794 🏆最优: 0.4939
   [T0] 步数 180000005 | 73.7 万步/分钟: Reheat ×1.0 (基温 0.001976)
   [T0] 进度: 65% | 71.3 万步/分钟 | 基温: 0.000444 | 重码=886 重码率=0.0222% 当量=0.1600 | 当前: 0.4171 🏆最优: 0.4035
   [T0] 进度: 70% | 69.0 万步/分钟 | 基温: 0.000098 | 重码=772 重码率=0.0207% 当量=0.1489 | 当前: 0.3796 🏆最优: 0.3779
   [T0] 进度: 75% | 67.2 万步/分钟 | 基温: 0.000021 | 重码=756 重码率=0.0204% 当量=0.1512 | 当前: 0.3770 🏆最优: 0.3769
   [T0] 进度: 80% | 65.4 万步/分钟 | 基温: 0.000005 | 重码=756 重码率=0.0205% 当量=0.1505 | 当前: 0.3769 🏆最优: 0.3769
   [T0] 进度: 85% | 64.1 万步/分钟 | 基温: 0.000001 | 重码=756 重码率=0.0205% 当量=0.1505 | 当前: 0.3769 🏆最优: 0.3769
   [T0] 进度: 90% | 62.9 万步/分钟 | 基温: 0.000000 | 重码=756 重码率=0.0205% 当量=0.1505 | 当前: 0.3769 🏆最优: 0.3769
   [T0] 进度: 95% | 61.5 万步/分钟 | 基温: 0.000000 | 重码=756 重码率=0.0205% 当量=0.1505 | 当前: 0.3769 🏆最优: 0.3769
   [T0] SA 完成，执行最终精炼...
   [T0] 最终得分: 0.3769 重码: 756

=================================
🏆 最优结果 (线程 2):
   综合得分: 0.3708
   「全码」重码数: 756
   「全码」重码率: 0.018392%
   「全码」加权键均当量: 0.1504
   「全码」当量变异系数(CV): 1.1634
   「全码」用指分布偏差(L2): 6.9035
⏱️ 总耗时: 29715.810332918s
=================================

📁 保存所有线程结果...
结果已保存至 output-20260506-000635/output-keymap.txt, output-encode.txt, output-simple-codes.txt, output-combined.txt 等

所有结果已保存至 output-20260506-000635/
  - summary.txt              汇总排名
  - output-*.txt             全局最优结果
  - output-simple-codes.txt  简码分配
  - thread-XX/               各线程结果

real	495m17.310s
user	3913m26.075s
sys	16m15.680s
+ set +x
Wed May  6 08:21:52 CST 2026
